{"/Users/ujwal/Programming/CalPoly/CSC307/iVentory/backend/models/user-test-service.js": {"path":"/Users/ujwal/Programming/CalPoly/CSC307/iVentory/backend/models/user-test-service.js","statementMap":{"0":{"start":{"line":1,"column":13},"end":{"line":1,"column":30}},"1":{"start":{"line":3,"column":17},"end":{"line":11,"column":1}},"2":{"start":{"line":4,"column":15},"end":{"line":9,"column":4}},"3":{"start":{"line":10,"column":2},"end":{"line":10,"column":21}},"4":{"start":{"line":13,"column":0},"end":{"line":13,"column":28}}},"fnMap":{"0":{"name":"(anonymous_0)","decl":{"start":{"line":3,"column":17},"end":{"line":3,"column":18}},"loc":{"start":{"line":3,"column":54},"end":{"line":11,"column":1}},"line":3}},"branchMap":{},"s":{"0":1,"1":1,"2":2,"3":2,"4":1},"f":{"0":2},"b":{},"_coverageSchema":"1a1c01bbd47fc00a2c39e90264f33305004495a9","hash":"9a048248f43c88d1169184df924a7d04c328e6b5"}
,"/Users/ujwal/Programming/CalPoly/CSC307/iVentory/backend/models/user.js": {"path":"/Users/ujwal/Programming/CalPoly/CSC307/iVentory/backend/models/user.js","statementMap":{"0":{"start":{"line":1,"column":17},"end":{"line":1,"column":36}},"1":{"start":{"line":3,"column":28},"end":{"line":8,"column":2}},"2":{"start":{"line":10,"column":19},"end":{"line":47,"column":1}},"3":{"start":{"line":31,"column":8},"end":{"line":32,"column":69}},"4":{"start":{"line":32,"column":10},"end":{"line":32,"column":69}},"5":{"start":{"line":49,"column":0},"end":{"line":57,"column":3}},"6":{"start":{"line":50,"column":15},"end":{"line":52,"column":4}},"7":{"start":{"line":53,"column":2},"end":{"line":55,"column":3}},"8":{"start":{"line":54,"column":4},"end":{"line":54,"column":71}},"9":{"start":{"line":56,"column":2},"end":{"line":56,"column":9}},"10":{"start":{"line":59,"column":13},"end":{"line":59,"column":47}},"11":{"start":{"line":61,"column":0},"end":{"line":61,"column":22}}},"fnMap":{"0":{"name":"(anonymous_0)","decl":{"start":{"line":30,"column":6},"end":{"line":30,"column":7}},"loc":{"start":{"line":30,"column":22},"end":{"line":33,"column":7}},"line":30},"1":{"name":"(anonymous_1)","decl":{"start":{"line":49,"column":23},"end":{"line":49,"column":24}},"loc":{"start":{"line":49,"column":45},"end":{"line":57,"column":1}},"line":49}},"branchMap":{"0":{"loc":{"start":{"line":31,"column":8},"end":{"line":32,"column":69}},"type":"if","locations":[{"start":{"line":31,"column":8},"end":{"line":32,"column":69}},{"start":{},"end":{}}],"line":31},"1":{"loc":{"start":{"line":53,"column":2},"end":{"line":55,"column":3}},"type":"if","locations":[{"start":{"line":53,"column":2},"end":{"line":55,"column":3}},{"start":{},"end":{}}],"line":53}},"s":{"0":1,"1":1,"2":1,"3":7,"4":1,"5":1,"6":2,"7":2,"8":1,"9":1,"10":1,"11":1},"f":{"0":7,"1":2},"b":{"0":[1,6],"1":[1,1]},"_coverageSchema":"1a1c01bbd47fc00a2c39e90264f33305004495a9","hash":"9849591710fce00103110eeecd89c366affbbac9"}
}
