{"/Users/ujwal/Programming/CalPoly/CSC307/iVentory/backend/models/inventory-test-service.js": {"path":"/Users/ujwal/Programming/CalPoly/CSC307/iVentory/backend/models/inventory-test-service.js","statementMap":{"0":{"start":{"line":1,"column":18},"end":{"line":1,"column":40}},"1":{"start":{"line":3,"column":22},"end":{"line":9,"column":1}},"2":{"start":{"line":8,"column":2},"end":{"line":8,"column":26}},"3":{"start":{"line":11,"column":0},"end":{"line":11,"column":38}}},"fnMap":{"0":{"name":"(anonymous_0)","decl":{"start":{"line":3,"column":22},"end":{"line":3,"column":23}},"loc":{"start":{"line":3,"column":37},"end":{"line":9,"column":1}},"line":3}},"branchMap":{},"s":{"0":1,"1":1,"2":2,"3":1},"f":{"0":2},"b":{},"_coverageSchema":"1a1c01bbd47fc00a2c39e90264f33305004495a9","hash":"aedd3746212b3d5db6112d083c0981f9774a8bf2"}
,"/Users/ujwal/Programming/CalPoly/CSC307/iVentory/backend/models/inventory.js": {"path":"/Users/ujwal/Programming/CalPoly/CSC307/iVentory/backend/models/inventory.js","statementMap":{"0":{"start":{"line":1,"column":17},"end":{"line":1,"column":36}},"1":{"start":{"line":2,"column":13},"end":{"line":2,"column":30}},"2":{"start":{"line":4,"column":25},"end":{"line":15,"column":2}},"3":{"start":{"line":17,"column":19},"end":{"line":22,"column":2}},"4":{"start":{"line":24,"column":24},"end":{"line":50,"column":1}},"5":{"start":{"line":37,"column":8},"end":{"line":38,"column":77}},"6":{"start":{"line":38,"column":10},"end":{"line":38,"column":77}},"7":{"start":{"line":52,"column":0},"end":{"line":58,"column":3}},"8":{"start":{"line":53,"column":15},"end":{"line":53,"column":67}},"9":{"start":{"line":54,"column":2},"end":{"line":56,"column":3}},"10":{"start":{"line":55,"column":4},"end":{"line":55,"column":67}},"11":{"start":{"line":57,"column":2},"end":{"line":57,"column":9}},"12":{"start":{"line":60,"column":18},"end":{"line":60,"column":62}},"13":{"start":{"line":62,"column":0},"end":{"line":62,"column":27}}},"fnMap":{"0":{"name":"(anonymous_0)","decl":{"start":{"line":36,"column":6},"end":{"line":36,"column":7}},"loc":{"start":{"line":36,"column":22},"end":{"line":39,"column":7}},"line":36},"1":{"name":"(anonymous_1)","decl":{"start":{"line":52,"column":28},"end":{"line":52,"column":29}},"loc":{"start":{"line":52,"column":50},"end":{"line":58,"column":1}},"line":52}},"branchMap":{"0":{"loc":{"start":{"line":37,"column":8},"end":{"line":38,"column":77}},"type":"if","locations":[{"start":{"line":37,"column":8},"end":{"line":38,"column":77}},{"start":{},"end":{}}],"line":37},"1":{"loc":{"start":{"line":54,"column":2},"end":{"line":56,"column":3}},"type":"if","locations":[{"start":{"line":54,"column":2},"end":{"line":56,"column":3}},{"start":{},"end":{}}],"line":54},"2":{"loc":{"start":{"line":54,"column":6},"end":{"line":54,"column":36}},"type":"binary-expr","locations":[{"start":{"line":54,"column":6},"end":{"line":54,"column":25}},{"start":{"line":54,"column":29},"end":{"line":54,"column":36}}],"line":54}},"s":{"0":1,"1":1,"2":1,"3":1,"4":1,"5":4,"6":1,"7":1,"8":2,"9":2,"10":1,"11":1,"12":1,"13":1},"f":{"0":4,"1":2},"b":{"0":[1,3],"1":[1,1],"2":[2,1]},"_coverageSchema":"1a1c01bbd47fc00a2c39e90264f33305004495a9","hash":"6323b88e67a202f7f75601eb27c4bc9c4acd36ff"}
,"/Users/ujwal/Programming/CalPoly/CSC307/iVentory/backend/models/user-test-service.js": {"path":"/Users/ujwal/Programming/CalPoly/CSC307/iVentory/backend/models/user-test-service.js","statementMap":{"0":{"start":{"line":1,"column":13},"end":{"line":1,"column":30}},"1":{"start":{"line":3,"column":17},"end":{"line":11,"column":1}},"2":{"start":{"line":4,"column":15},"end":{"line":9,"column":4}},"3":{"start":{"line":10,"column":2},"end":{"line":10,"column":21}},"4":{"start":{"line":13,"column":0},"end":{"line":13,"column":28}}},"fnMap":{"0":{"name":"(anonymous_0)","decl":{"start":{"line":3,"column":17},"end":{"line":3,"column":18}},"loc":{"start":{"line":3,"column":54},"end":{"line":11,"column":1}},"line":3}},"branchMap":{},"s":{"0":2,"1":2,"2":2,"3":2,"4":2},"f":{"0":2},"b":{},"_coverageSchema":"1a1c01bbd47fc00a2c39e90264f33305004495a9","hash":"9a048248f43c88d1169184df924a7d04c328e6b5"}
,"/Users/ujwal/Programming/CalPoly/CSC307/iVentory/backend/models/user.js": {"path":"/Users/ujwal/Programming/CalPoly/CSC307/iVentory/backend/models/user.js","statementMap":{"0":{"start":{"line":1,"column":17},"end":{"line":1,"column":36}},"1":{"start":{"line":3,"column":28},"end":{"line":8,"column":2}},"2":{"start":{"line":10,"column":19},"end":{"line":47,"column":1}},"3":{"start":{"line":31,"column":8},"end":{"line":32,"column":69}},"4":{"start":{"line":32,"column":10},"end":{"line":32,"column":69}},"5":{"start":{"line":49,"column":0},"end":{"line":57,"column":3}},"6":{"start":{"line":50,"column":15},"end":{"line":52,"column":4}},"7":{"start":{"line":53,"column":2},"end":{"line":55,"column":3}},"8":{"start":{"line":54,"column":4},"end":{"line":54,"column":71}},"9":{"start":{"line":56,"column":2},"end":{"line":56,"column":9}},"10":{"start":{"line":59,"column":13},"end":{"line":59,"column":47}},"11":{"start":{"line":61,"column":0},"end":{"line":61,"column":22}}},"fnMap":{"0":{"name":"(anonymous_0)","decl":{"start":{"line":30,"column":6},"end":{"line":30,"column":7}},"loc":{"start":{"line":30,"column":22},"end":{"line":33,"column":7}},"line":30},"1":{"name":"(anonymous_1)","decl":{"start":{"line":49,"column":23},"end":{"line":49,"column":24}},"loc":{"start":{"line":49,"column":45},"end":{"line":57,"column":1}},"line":49}},"branchMap":{"0":{"loc":{"start":{"line":31,"column":8},"end":{"line":32,"column":69}},"type":"if","locations":[{"start":{"line":31,"column":8},"end":{"line":32,"column":69}},{"start":{},"end":{}}],"line":31},"1":{"loc":{"start":{"line":53,"column":2},"end":{"line":55,"column":3}},"type":"if","locations":[{"start":{"line":53,"column":2},"end":{"line":55,"column":3}},{"start":{},"end":{}}],"line":53}},"s":{"0":2,"1":2,"2":2,"3":7,"4":1,"5":2,"6":2,"7":2,"8":1,"9":1,"10":2,"11":2},"f":{"0":7,"1":2},"b":{"0":[1,6],"1":[1,1]},"_coverageSchema":"1a1c01bbd47fc00a2c39e90264f33305004495a9","hash":"9849591710fce00103110eeecd89c366affbbac9"}
}
