TN:
SF:models/inventory-test-service.js
FN:3,(anonymous_0)
FNF:1
FNH:1
FNDA:2,(anonymous_0)
DA:1,1
DA:3,1
DA:8,2
DA:11,1
LF:4
LH:4
BRF:0
BRH:0
end_of_record
TN:
SF:models/inventory.js
FN:36,(anonymous_0)
FN:52,(anonymous_1)
FNF:2
FNH:2
FNDA:4,(anonymous_0)
FNDA:2,(anonymous_1)
DA:1,1
DA:2,1
DA:4,1
DA:17,1
DA:24,1
DA:37,4
DA:38,1
DA:52,1
DA:53,2
DA:54,2
DA:55,1
DA:57,1
DA:60,1
DA:62,1
LF:14
LH:14
BRDA:37,0,0,1
BRDA:37,0,1,3
BRDA:54,1,0,1
BRDA:54,1,1,1
BRDA:54,2,0,2
BRDA:54,2,1,1
BRF:6
BRH:6
end_of_record
TN:
SF:models/user-test-service.js
FN:3,(anonymous_0)
FNF:1
FNH:1
FNDA:2,(anonymous_0)
DA:1,2
DA:3,2
DA:4,2
DA:10,2
DA:13,2
LF:5
LH:5
BRF:0
BRH:0
end_of_record
TN:
SF:models/user.js
FN:30,(anonymous_0)
FN:49,(anonymous_1)
FNF:2
FNH:2
FNDA:7,(anonymous_0)
FNDA:2,(anonymous_1)
DA:1,2
DA:3,2
DA:10,2
DA:31,7
DA:32,1
DA:49,2
DA:50,2
DA:53,2
DA:54,1
DA:56,1
DA:59,2
DA:61,2
LF:12
LH:12
BRDA:31,0,0,1
BRDA:31,0,1,6
BRDA:53,1,0,1
BRDA:53,1,1,1
BRF:4
BRH:4
end_of_record
