TN:
SF:backend.js
FN:19,(anonymous_0)
FN:25,(anonymous_1)
FN:34,(anonymous_2)
FN:43,(anonymous_3)
FN:52,(anonymous_4)
FN:61,(anonymous_5)
FN:70,(anonymous_6)
FN:79,(anonymous_7)
FN:88,(anonymous_8)
FN:97,(anonymous_9)
FN:109,(anonymous_10)
FN:122,(anonymous_11)
FN:134,(anonymous_12)
FN:143,(anonymous_13)
FNF:14
FNH:1
FNDA:0,(anonymous_0)
FNDA:0,(anonymous_1)
FNDA:4,(anonymous_2)
FNDA:0,(anonymous_3)
FNDA:0,(anonymous_4)
FNDA:0,(anonymous_5)
FNDA:0,(anonymous_6)
FNDA:0,(anonymous_7)
FNDA:0,(anonymous_8)
FNDA:0,(anonymous_9)
FNDA:0,(anonymous_10)
FNDA:0,(anonymous_11)
FNDA:0,(anonymous_12)
FNDA:0,(anonymous_13)
DA:1,1
DA:2,1
DA:3,1
DA:4,1
DA:11,1
DA:13,1
DA:15,1
DA:16,1
DA:17,1
DA:19,1
DA:20,0
DA:23,1
DA:26,0
DA:27,0
DA:28,0
DA:32,1
DA:35,4
DA:36,0
DA:37,0
DA:41,1
DA:44,0
DA:45,0
DA:46,0
DA:50,1
DA:53,0
DA:54,0
DA:55,0
DA:59,1
DA:62,0
DA:63,0
DA:64,0
DA:68,1
DA:71,0
DA:72,0
DA:73,0
DA:77,1
DA:80,0
DA:81,0
DA:82,0
DA:86,1
DA:89,0
DA:90,0
DA:91,0
DA:95,1
DA:98,0
DA:102,0
DA:103,0
DA:107,1
DA:110,0
DA:115,0
DA:116,0
DA:120,1
DA:123,0
DA:127,0
DA:128,0
DA:132,1
DA:135,0
DA:136,0
DA:137,0
DA:141,1
DA:144,0
DA:150,0
DA:151,0
DA:155,1
DA:156,1
DA:157,1
DA:159,1
DA:160,1
LF:68
LH:29
BRF:0
BRH:0
end_of_record
TN:
SF:db-config.js
FN:4,connectDb
FN:21,(anonymous_1)
FN:25,closeDbConnection
FNF:3
FNH:2
FNDA:1,connectDb
FNDA:0,(anonymous_1)
FNDA:1,closeDbConnection
DA:1,1
DA:2,1
DA:5,1
DA:6,1
DA:21,0
DA:26,1
DA:29,1
DA:30,1
DA:31,1
DA:32,1
DA:33,1
DA:35,1
LF:12
LH:11
BRF:0
BRH:0
end_of_record
TN:
SF:db-services.js
FN:9,getUsers
FN:13,register
FN:29,authenticate
FN:45,getInventories
FN:49,getInventory
FN:55,createInventory
FN:78,deleteInventory
FN:82,(anonymous_7)
FN:94,addUserToInventory
FN:99,updateColumnName
FN:112,updateItemColumn
FN:123,addColumn
FN:133,delColumn
FN:150,delColumnValues
FN:161,addItem
FN:164,(anonymous_15)
FN:180,deleteItem
FN:190,updateItem
FNF:18
FNH:1
FNDA:0,getUsers
FNDA:4,register
FNDA:0,authenticate
FNDA:0,getInventories
FNDA:0,getInventory
FNDA:0,createInventory
FNDA:0,deleteInventory
FNDA:0,(anonymous_7)
FNDA:0,addUserToInventory
FNDA:0,updateColumnName
FNDA:0,updateItemColumn
FNDA:0,addColumn
FNDA:0,delColumn
FNDA:0,delColumnValues
FNDA:0,addItem
FNDA:0,(anonymous_15)
FNDA:0,deleteItem
FNDA:0,updateItem
DA:1,1
DA:2,1
DA:3,1
DA:4,1
DA:10,0
DA:14,4
DA:21,4
DA:22,4
DA:24,4
DA:26,0
DA:30,0
DA:31,0
DA:32,0
DA:38,0
DA:39,0
DA:46,0
DA:50,0
DA:51,0
DA:52,0
DA:56,0
DA:66,0
DA:68,0
DA:75,0
DA:79,0
DA:80,0
DA:81,0
DA:82,0
DA:83,0
DA:88,0
DA:90,0
DA:91,0
DA:95,0
DA:96,0
DA:100,0
DA:101,0
DA:102,0
DA:103,0
DA:104,0
DA:105,0
DA:107,0
DA:109,0
DA:113,0
DA:124,0
DA:125,0
DA:130,0
DA:134,0
DA:135,0
DA:138,0
DA:139,0
DA:140,0
DA:141,0
DA:143,0
DA:145,0
DA:151,0
DA:152,0
DA:153,0
DA:155,0
DA:162,0
DA:163,0
DA:164,0
DA:165,0
DA:166,0
DA:168,0
DA:169,0
DA:173,0
DA:176,0
DA:177,0
DA:181,0
DA:182,0
DA:185,0
DA:186,0
DA:191,0
DA:192,0
DA:193,0
DA:194,0
DA:195,0
DA:196,0
DA:200,0
DA:201,0
DA:202,0
DA:205,0
DA:216,1
DA:217,1
DA:218,1
DA:220,1
DA:221,1
DA:222,1
DA:223,1
DA:225,1
DA:227,1
DA:228,1
DA:229,1
DA:231,1
DA:232,1
DA:233,1
DA:235,1
LF:96
LH:23
BRDA:38,0,0,0
BRDA:38,0,1,0
BRDA:81,1,0,0
BRDA:81,1,1,0
BRDA:102,2,0,0
BRDA:102,2,1,0
BRDA:104,3,0,0
BRDA:104,3,1,0
BRDA:138,4,0,0
BRDA:138,4,1,0
BRDA:140,5,0,0
BRDA:140,5,1,0
BRDA:163,6,0,0
BRDA:163,6,1,0
BRDA:165,7,0,0
BRDA:165,7,1,0
BRDA:176,8,0,0
BRDA:176,8,1,0
BRDA:181,9,0,0
BRDA:181,9,1,0
BRDA:181,10,0,0
BRDA:181,10,1,0
BRDA:185,11,0,0
BRDA:185,11,1,0
BRDA:191,12,0,0
BRDA:191,12,1,0
BRDA:191,13,0,0
BRDA:191,13,1,0
BRDA:193,14,0,0
BRDA:193,14,1,0
BRDA:195,15,0,0
BRDA:195,15,1,0
BRDA:201,16,0,0
BRDA:201,16,1,0
BRF:34
BRH:0
end_of_record
TN:
SF:errorhandlers.js
FN:1,catchAsync
FN:2,(anonymous_1)
FN:3,(anonymous_2)
FN:7,resourceHandler
FN:23,validationHandler
FN:40,errorHandler
FNF:6
FNH:5
FNDA:13,catchAsync
FNDA:4,(anonymous_1)
FNDA:4,(anonymous_2)
FNDA:4,resourceHandler
FNDA:4,validationHandler
FNDA:0,errorHandler
DA:2,13
DA:3,4
DA:9,4
DA:14,0
DA:15,0
DA:16,0
DA:17,0
DA:18,0
DA:20,4
DA:25,4
DA:29,4
DA:31,4
DA:32,4
DA:33,4
DA:34,4
DA:36,0
DA:41,0
DA:42,0
DA:43,0
DA:44,0
DA:45,0
DA:48,1
DA:49,1
DA:50,1
DA:51,1
LF:25
LH:14
BRDA:9,0,0,0
BRDA:9,0,1,4
BRDA:10,1,0,4
BRDA:10,1,1,4
BRDA:10,1,2,4
BRDA:25,2,0,4
BRDA:25,2,1,0
BRDA:26,3,0,4
BRDA:26,3,1,0
BRF:9
BRH:6
end_of_record
TN:
SF:loghandlers.js
FN:1,requestLogger
FNF:1
FNH:1
FNDA:4,requestLogger
DA:2,4
DA:3,4
DA:6,1
LF:3
LH:3
BRF:0
BRH:0
end_of_record
TN:
SF:spy-console.js
FN:3,hideError
FN:4,(anonymous_1)
FN:7,hideLog
FN:8,(anonymous_3)
FN:11,hideDebug
FN:12,(anonymous_5)
FN:15,errorClear
FN:16,(anonymous_7)
FN:19,logClear
FN:20,(anonymous_9)
FN:23,debugClear
FN:24,(anonymous_11)
FN:27,restore
FNF:13
FNH:7
FNDA:1,hideError
FNDA:4,(anonymous_1)
FNDA:1,hideLog
FNDA:0,(anonymous_3)
FNDA:1,hideDebug
FNDA:4,(anonymous_5)
FNDA:4,errorClear
FNDA:0,(anonymous_7)
FNDA:0,logClear
FNDA:0,(anonymous_9)
FNDA:0,debugClear
FNDA:0,(anonymous_11)
FNDA:1,restore
DA:1,1
DA:4,1
DA:8,1
DA:12,1
DA:16,4
DA:20,0
DA:24,0
DA:28,1
DA:29,1
DA:30,1
DA:33,1
DA:34,1
DA:35,1
DA:36,1
DA:37,1
DA:38,1
DA:39,1
DA:41,1
LF:18
LH:16
BRDA:16,0,0,4
BRDA:16,0,1,0
BRDA:20,1,0,0
BRDA:20,1,1,0
BRDA:24,2,0,0
BRDA:24,2,1,0
BRDA:28,3,0,0
BRDA:28,3,1,1
BRDA:29,4,0,1
BRDA:29,4,1,0
BRDA:30,5,0,1
BRDA:30,5,1,0
BRF:12
BRH:4
end_of_record
TN:
SF:models/inventory.js
FN:35,(anonymous_0)
FN:51,(anonymous_1)
FNF:2
FNH:0
FNDA:0,(anonymous_0)
FNDA:0,(anonymous_1)
DA:1,1
DA:2,1
DA:4,1
DA:17,1
DA:24,1
DA:36,0
DA:37,0
DA:51,1
DA:52,0
DA:53,0
DA:54,0
DA:56,0
DA:59,1
DA:61,1
LF:14
LH:8
BRDA:36,0,0,0
BRDA:36,0,1,0
BRDA:53,1,0,0
BRDA:53,1,1,0
BRF:4
BRH:0
end_of_record
TN:
SF:models/user-test-service.js
FN:3,(anonymous_0)
FNF:1
FNH:1
FNDA:2,(anonymous_0)
DA:1,1
DA:3,1
DA:4,2
DA:10,2
DA:13,1
LF:5
LH:5
BRF:0
BRH:0
end_of_record
TN:
SF:models/user.js
FN:30,(anonymous_0)
FN:49,(anonymous_1)
FNF:2
FNH:2
FNDA:10,(anonymous_0)
FNDA:2,(anonymous_1)
DA:1,2
DA:3,2
DA:10,2
DA:31,10
DA:32,1
DA:49,2
DA:50,2
DA:53,2
DA:54,1
DA:56,1
DA:59,2
DA:61,2
LF:12
LH:12
BRDA:31,0,0,1
BRDA:31,0,1,9
BRDA:53,1,0,1
BRDA:53,1,1,1
BRF:4
BRH:4
end_of_record
